<?xml version="1.0" encoding="utf-8" standalone="no"?>
<test-run id="2" testcasecount="2" result="Passed" total="2" passed="2" failed="0" inconclusive="0" skipped="0" asserts="0" engine-version="3.8.0.0" clr-version="4.0.30319.42000" start-time="2018-02-26 15:25:40Z" end-time="2018-02-26 15:25:43Z" duration="2.487930">
  <command-line><![CDATA["C:\WebDriverFramework\NUnit.ConsoleRunner.3.8.0\tools\nunit3-console.exe" C:\WebDriverFramework\Solution\ConsoleApp1\bin\Debug\ConsoleApp1.exe]]></command-line>
  <test-suite type="Assembly" id="0-1005" name="ConsoleApp1.exe" fullname="C:\WebDriverFramework\Solution\ConsoleApp1\bin\Debug\ConsoleApp1.exe" runstate="Runnable" testcasecount="2" result="Passed" start-time="2018-02-26 15:25:41Z" end-time="2018-02-26 15:25:42Z" duration="1.601351" total="2" passed="2" failed="0" warnings="0" inconclusive="0" skipped="0" asserts="0">
    <environment framework-version="3.9.0.0" clr-version="4.0.30319.42000" os-version="Microsoft Windows NT 10.0.15063.0" platform="Win32NT" cwd="C:\WebDriverFramework\NUnit.ConsoleRunner.3.8.0\tools" machine-name="EPBYGROW0131" user="Artsiom_Kuis" user-domain="GRODNO" culture="en-US" uiculture="en-US" os-architecture="x86" />
    <settings>
      <setting name="DisposeRunners" value="True" />
      <setting name="WorkDirectory" value="C:\WebDriverFramework\NUnit.ConsoleRunner.3.8.0\tools" />
      <setting name="ImageRuntimeVersion" value="4.0.30319" />
      <setting name="ImageTargetFrameworkName" value=".NETFramework,Version=v4.7" />
      <setting name="ImageRequiresX86" value="True" />
      <setting name="RunAsX86" value="True" />
      <setting name="ImageRequiresDefaultAppDomainAssemblyResolver" value="False" />
      <setting name="NumberOfTestWorkers" value="8" />
    </settings>
    <properties>
      <property name="_PID" value="22616" />
      <property name="_APPDOMAIN" value="domain-" />
    </properties>
    <test-suite type="TestSuite" id="0-1006" name="ConsoleApp1" fullname="ConsoleApp1" runstate="Runnable" testcasecount="2" result="Passed" start-time="2018-02-26 15:25:41Z" end-time="2018-02-26 15:25:42Z" duration="1.584725" total="2" passed="2" failed="0" warnings="0" inconclusive="0" skipped="0" asserts="0">
      <test-suite type="TestFixture" id="0-1000" name="Program" fullname="ConsoleApp1.Program" classname="ConsoleApp1.Program" runstate="Runnable" testcasecount="2" result="Passed" start-time="2018-02-26 15:25:41Z" end-time="2018-02-26 15:25:42Z" duration="1.580865" total="2" passed="2" failed="0" warnings="0" inconclusive="0" skipped="0" asserts="0">
        <test-suite type="ParameterizedMethod" id="0-1004" name="TestCase" fullname="ConsoleApp1.Program.TestCase" classname="ConsoleApp1.Program" runstate="Runnable" testcasecount="1" result="Passed" start-time="2018-02-26 15:25:41Z" end-time="2018-02-26 15:25:42Z" duration="1.218221" total="1" passed="1" failed="0" warnings="0" inconclusive="0" skipped="0" asserts="0">
          <test-case id="0-1003" name="TestCase()" fullname="ConsoleApp1.Program.TestCase()" methodname="TestCase" classname="ConsoleApp1.Program" runstate="Runnable" seed="728214795" result="Passed" start-time="2018-02-26 15:25:41Z" end-time="2018-02-26 15:25:42Z" duration="1.213875" asserts="0" />
        </test-suite>
        <test-suite type="ParameterizedMethod" id="0-1002" name="TestCase1" fullname="ConsoleApp1.Program.TestCase1" classname="ConsoleApp1.Program" runstate="Runnable" testcasecount="1" result="Passed" start-time="2018-02-26 15:25:42Z" end-time="2018-02-26 15:25:42Z" duration="0.000229" total="1" passed="1" failed="0" warnings="0" inconclusive="0" skipped="0" asserts="0">
          <test-case id="0-1001" name="TestCase1()" fullname="ConsoleApp1.Program.TestCase1()" methodname="TestCase1" classname="ConsoleApp1.Program" runstate="Runnable" seed="1888943470" result="Passed" start-time="2018-02-26 15:25:42Z" end-time="2018-02-26 15:25:42Z" duration="0.000178" asserts="0" />
        </test-suite>
      </test-suite>
    </test-suite>
  </test-suite>
</test-run>